[debug] [2021-06-24T08:04:55.422Z] ----------------------------------------------------------------------
[debug] [2021-06-24T08:04:55.425Z] Command:       C:\Program Files\nodejs\node.exe C:\Users\Scientist\AppData\Roaming\npm\node_modules\firebase-tools\lib\bin\firebase.js appdistribution:distribute app-debug.apk --app 1:708520689612:android:fae742f4f3a7efa26aa769 --release-notes Icons Hub Version 1.0 debug 1 --testers testers-list.txt --debug
[debug] [2021-06-24T08:04:55.426Z] CLI Version:   9.13.1
[debug] [2021-06-24T08:04:55.427Z] Platform:      win32
[debug] [2021-06-24T08:04:55.427Z] Node Version:  v12.13.0
[debug] [2021-06-24T08:04:55.429Z] Time:          Thu Jun 24 2021 11:04:55 GMT+0300 (East Africa Time)
[debug] [2021-06-24T08:04:55.430Z] ----------------------------------------------------------------------
[debug] 
[debug] [2021-06-24T08:04:55.448Z] > command requires scopes: ["email","openid","https://www.googleapis.com/auth/cloudplatformprojects.readonly","https://www.googleapis.com/auth/firebase","https://www.googleapis.com/auth/cloud-platform"]
[debug] [2021-06-24T08:04:55.454Z] > authorizing via signed-in user (b83794444@gmail.com)
[debug] [2021-06-24T08:04:55.559Z] > refreshing access token with scopes: ["email","https://www.googleapis.com/auth/cloud-platform","https://www.googleapis.com/auth/cloudplatformprojects.readonly","https://www.googleapis.com/auth/firebase","openid"]
[debug] [2021-06-24T08:04:55.562Z] >>> HTTP REQUEST POST https://www.googleapis.com/oauth2/v3/token  
 <request body omitted>
[debug] [2021-06-24T08:04:58.364Z] <<< HTTP RESPONSE 200 {"expires":"Mon, 01 Jan 1990 00:00:00 GMT","date":"Thu, 24 Jun 2021 08:03:58 GMT","pragma":"no-cache","cache-control":"no-cache, no-store, max-age=0, must-revalidate","content-type":"application/json; charset=utf-8","vary":"X-Origin, Referer, Origin,Accept-Encoding","server":"scaffolding on HTTPServer2","x-xss-protection":"0","x-frame-options":"SAMEORIGIN","x-content-type-options":"nosniff","alt-svc":"h3=\":443\"; ma=2592000,h3-29=\":443\"; ma=2592000,h3-T051=\":443\"; ma=2592000,h3-Q050=\":443\"; ma=2592000,h3-Q046=\":443\"; ma=2592000,h3-Q043=\":443\"; ma=2592000,quic=\":443\"; ma=2592000; v=\"46,43\"","accept-ranges":"none","transfer-encoding":"chunked"}
[debug] [2021-06-24T08:04:58.822Z] >>> HTTP REQUEST GET https://firebaseappdistribution.googleapis.com/v1alpha/apps/1:708520689612:android:fae742f4f3a7efa26aa769?appView=BASIC  
 
[debug] [2021-06-24T08:05:03.101Z] <<< HTTP RESPONSE 200 {"content-type":"application/json; charset=UTF-8","vary":"X-Origin, Referer, Origin,Accept-Encoding","date":"Thu, 24 Jun 2021 08:04:02 GMT","server":"ESF","cache-control":"private","x-xss-protection":"0","x-frame-options":"SAMEORIGIN","x-content-type-options":"nosniff","alt-svc":"h3=\":443\"; ma=2592000,h3-29=\":443\"; ma=2592000,h3-T051=\":443\"; ma=2592000,h3-Q050=\":443\"; ma=2592000,h3-Q046=\":443\"; ma=2592000,h3-Q043=\":443\"; ma=2592000,quic=\":443\"; ma=2592000; v=\"46,43\"","accept-ranges":"none","transfer-encoding":"chunked"}
[debug] [2021-06-24T08:05:03.393Z] >>> HTTP REQUEST GET https://firebaseappdistribution.googleapis.com/v1alpha/apps/1:708520689612:android:fae742f4f3a7efa26aa769/upload_status/projects%2F708520689612%2Fapps%2F1%3A708520689612%3Aandroid%3Afae742f4f3a7efa26aa769%2Freleases%2F-%2Fbinaries%2F5c959c58c2683f66b4877aac59b4aae3dfb5bbe28abcbbb57b260695d510dbb8  
 
[debug] [2021-06-24T08:05:05.789Z] <<< HTTP RESPONSE 200 {"content-type":"application/json; charset=UTF-8","vary":"X-Origin, Referer, Origin,Accept-Encoding","date":"Thu, 24 Jun 2021 08:04:05 GMT","server":"ESF","cache-control":"private","x-xss-protection":"0","x-frame-options":"SAMEORIGIN","x-content-type-options":"nosniff","alt-svc":"h3=\":443\"; ma=2592000,h3-29=\":443\"; ma=2592000,h3-T051=\":443\"; ma=2592000,h3-Q050=\":443\"; ma=2592000,h3-Q046=\":443\"; ma=2592000,h3-Q043=\":443\"; ma=2592000,quic=\":443\"; ma=2592000; v=\"46,43\"","accept-ranges":"none","transfer-encoding":"chunked"}
[info] i  uploading distribution... 
[debug] [2021-06-24T08:05:05.819Z] >>> HTTP REQUEST POST https://firebaseappdistribution.googleapis.com/app-binary-uploads?app_id=1:708520689612:android:fae742f4f3a7efa26aa769  
 {"_readableState":{"objectMode":false,"highWaterMark":65536,"buffer":{"head":null,"tail":null,"length":0},"length":0,"pipes":null,"pipesCount":0,"flowing":null,"ended":false,"endEmitted":false,"reading":false,"sync":true,"needReadable":false,"emittedReadable":false,"readableListening":false,"resumeScheduled":false,"paused":true,"emitClose":false,"autoDestroy":false,"destroyed":false,"defaultEncoding":"utf8","awaitDrain":0,"readingMore":false,"decoder":null,"encoding":null},"readable":true,"_events":{},"_eventsCount":1,"path":"app-debug.apk","fd":null,"flags":"r","mode":438,"end":null,"autoClose":true,"bytesRead":0,"closed":false}
[debug] [2021-06-24T08:05:21.977Z] <<< HTTP RESPONSE 202 {"x-guploader-uploadid":"ABg5-UzjedSQX1WiTcBz6Z4KdT-kcwLCbgzZOwcSM-LeoBw6tmgCSvkxsoh-uKHmjUkxkqTYH2oIEXE4wfEoVGtB6Rg","content-type":"application/json; charset=utf-8","content-length":"169","date":"Thu, 24 Jun 2021 08:04:21 GMT","server":"UploadServer","alt-svc":"h3=\":443\"; ma=2592000,h3-29=\":443\"; ma=2592000,h3-T051=\":443\"; ma=2592000,h3-Q050=\":443\"; ma=2592000,h3-Q046=\":443\"; ma=2592000,h3-Q043=\":443\"; ma=2592000,quic=\":443\"; ma=2592000; v=\"46,43\""}
[debug] [2021-06-24T08:05:21.991Z] >>> HTTP REQUEST GET https://firebaseappdistribution.googleapis.com/v1alpha/apps/1:708520689612:android:fae742f4f3a7efa26aa769/upload_status/projects%2F708520689612%2Fapps%2F1%3A708520689612%3Aandroid%3Afae742f4f3a7efa26aa769%2Freleases%2F-%2Fbinaries%2F5c959c58c2683f66b4877aac59b4aae3dfb5bbe28abcbbb57b260695d510dbb8  
 
[debug] [2021-06-24T08:05:25.181Z] <<< HTTP RESPONSE 200 {"content-type":"application/json; charset=UTF-8","vary":"X-Origin, Referer, Origin,Accept-Encoding","date":"Thu, 24 Jun 2021 08:04:24 GMT","server":"ESF","cache-control":"private","x-xss-protection":"0","x-frame-options":"SAMEORIGIN","x-content-type-options":"nosniff","alt-svc":"h3=\":443\"; ma=2592000,h3-29=\":443\"; ma=2592000,h3-T051=\":443\"; ma=2592000,h3-Q050=\":443\"; ma=2592000,h3-Q046=\":443\"; ma=2592000,h3-Q043=\":443\"; ma=2592000,quic=\":443\"; ma=2592000; v=\"46,43\"","accept-ranges":"none","transfer-encoding":"chunked"}
[info] +  uploaded distribution successfully! 
[info] i  adding release notes... 
[debug] [2021-06-24T08:05:25.211Z] >>> HTTP REQUEST POST https://firebaseappdistribution.googleapis.com/v1alpha/apps/1:708520689612:android:fae742f4f3a7efa26aa769/releases/0o9l613qfa6b8/notes  
 {"releaseNotes":{"releaseNotes":"Icons Hub Version 1.0 debug 1"}}
[debug] [2021-06-24T08:05:27.803Z] <<< HTTP RESPONSE 200 {"content-type":"application/json; charset=UTF-8","vary":"X-Origin, Referer, Origin,Accept-Encoding","date":"Thu, 24 Jun 2021 08:04:27 GMT","server":"ESF","cache-control":"private","x-xss-protection":"0","x-frame-options":"SAMEORIGIN","x-content-type-options":"nosniff","alt-svc":"h3=\":443\"; ma=2592000,h3-29=\":443\"; ma=2592000,h3-T051=\":443\"; ma=2592000,h3-Q050=\":443\"; ma=2592000,h3-Q046=\":443\"; ma=2592000,h3-Q043=\":443\"; ma=2592000,quic=\":443\"; ma=2592000; v=\"46,43\"","accept-ranges":"none","transfer-encoding":"chunked"}
[info] +  added release notes successfully 
[info] i  adding testers/groups... 
[debug] [2021-06-24T08:05:27.831Z] >>> HTTP REQUEST POST https://firebaseappdistribution.googleapis.com/v1alpha/apps/1:708520689612:android:fae742f4f3a7efa26aa769/releases/0o9l613qfa6b8/enable_access  
 {"emails":["testers-list.txt"],"groupIds":[]}
[debug] [2021-06-24T08:05:30.489Z] <<< HTTP RESPONSE 200 {"content-type":"application/json; charset=UTF-8","vary":"X-Origin, Referer, Origin,Accept-Encoding","date":"Thu, 24 Jun 2021 08:04:30 GMT","server":"ESF","cache-control":"private","x-xss-protection":"0","x-frame-options":"SAMEORIGIN","x-content-type-options":"nosniff","alt-svc":"h3=\":443\"; ma=2592000,h3-29=\":443\"; ma=2592000,h3-T051=\":443\"; ma=2592000,h3-Q050=\":443\"; ma=2592000,h3-Q046=\":443\"; ma=2592000,h3-Q043=\":443\"; ma=2592000,quic=\":443\"; ma=2592000; v=\"46,43\"","accept-ranges":"none","transfer-encoding":"chunked"}
[info] +  added testers/groups successfully 
[debug] [2021-06-24T10:52:42.198Z] ----------------------------------------------------------------------
[debug] [2021-06-24T10:52:42.227Z] Command:       C:\Program Files\nodejs\node.exe C:\Users\Scientist\AppData\Roaming\npm\node_modules\firebase-tools\lib\bin\firebase.js appdistribution:distribute app-debug.apk --app 1:708520689612:android:fae742f4f3a7efa26aa769 --release-notes Icons Hub Version 1.0 debug 1 --testers testers-list.txt --debug
[debug] [2021-06-24T10:52:42.229Z] CLI Version:   9.13.1
[debug] [2021-06-24T10:52:42.230Z] Platform:      win32
[debug] [2021-06-24T10:52:42.230Z] Node Version:  v12.13.0
[debug] [2021-06-24T10:52:42.344Z] Time:          Thu Jun 24 2021 13:52:42 GMT+0300 (East Africa Time)
[debug] [2021-06-24T10:52:42.344Z] ----------------------------------------------------------------------
[debug] 
[debug] [2021-06-24T10:52:42.526Z] > command requires scopes: ["email","openid","https://www.googleapis.com/auth/cloudplatformprojects.readonly","https://www.googleapis.com/auth/firebase","https://www.googleapis.com/auth/cloud-platform"]
[debug] [2021-06-24T10:52:42.544Z] > authorizing via signed-in user (b83794444@gmail.com)
[debug] [2021-06-24T10:52:42.633Z] > refreshing access token with scopes: ["email","https://www.googleapis.com/auth/cloud-platform","https://www.googleapis.com/auth/cloudplatformprojects.readonly","https://www.googleapis.com/auth/firebase","openid"]
[debug] [2021-06-24T10:52:42.645Z] >>> HTTP REQUEST POST https://www.googleapis.com/oauth2/v3/token  
 <request body omitted>
[debug] [2021-06-24T10:52:46.657Z] <<< HTTP RESPONSE 200 {"expires":"Mon, 01 Jan 1990 00:00:00 GMT","date":"Thu, 24 Jun 2021 10:51:46 GMT","cache-control":"no-cache, no-store, max-age=0, must-revalidate","pragma":"no-cache","content-type":"application/json; charset=utf-8","vary":"X-Origin, Referer, Origin,Accept-Encoding","server":"scaffolding on HTTPServer2","x-xss-protection":"0","x-frame-options":"SAMEORIGIN","x-content-type-options":"nosniff","alt-svc":"h3=\":443\"; ma=2592000,h3-29=\":443\"; ma=2592000,h3-T051=\":443\"; ma=2592000,h3-Q050=\":443\"; ma=2592000,h3-Q046=\":443\"; ma=2592000,h3-Q043=\":443\"; ma=2592000,quic=\":443\"; ma=2592000; v=\"46,43\"","accept-ranges":"none","transfer-encoding":"chunked"}
[debug] [2021-06-24T10:52:46.801Z] >>> HTTP REQUEST GET https://firebaseappdistribution.googleapis.com/v1alpha/apps/1:708520689612:android:fae742f4f3a7efa26aa769?appView=BASIC  
 
[debug] [2021-06-24T10:52:50.580Z] <<< HTTP RESPONSE 200 {"content-type":"application/json; charset=UTF-8","vary":"X-Origin, Referer, Origin,Accept-Encoding","date":"Thu, 24 Jun 2021 10:51:50 GMT","server":"ESF","cache-control":"private","x-xss-protection":"0","x-frame-options":"SAMEORIGIN","x-content-type-options":"nosniff","alt-svc":"h3=\":443\"; ma=2592000,h3-29=\":443\"; ma=2592000,h3-T051=\":443\"; ma=2592000,h3-Q050=\":443\"; ma=2592000,h3-Q046=\":443\"; ma=2592000,h3-Q043=\":443\"; ma=2592000,quic=\":443\"; ma=2592000; v=\"46,43\"","accept-ranges":"none","transfer-encoding":"chunked"}
[debug] [2021-06-24T10:52:50.706Z] >>> HTTP REQUEST GET https://firebaseappdistribution.googleapis.com/v1alpha/apps/1:708520689612:android:fae742f4f3a7efa26aa769/upload_status/projects%2F708520689612%2Fapps%2F1%3A708520689612%3Aandroid%3Afae742f4f3a7efa26aa769%2Freleases%2F-%2Fbinaries%2F482159ec477ce5c90f4de8c64c93123c706579c3193aa91467dc74321933c21d  
 
[debug] [2021-06-24T10:52:53.318Z] <<< HTTP RESPONSE 200 {"content-type":"application/json; charset=UTF-8","vary":"X-Origin, Referer, Origin,Accept-Encoding","date":"Thu, 24 Jun 2021 10:51:53 GMT","server":"ESF","cache-control":"private","x-xss-protection":"0","x-frame-options":"SAMEORIGIN","x-content-type-options":"nosniff","alt-svc":"h3=\":443\"; ma=2592000,h3-29=\":443\"; ma=2592000,h3-T051=\":443\"; ma=2592000,h3-Q050=\":443\"; ma=2592000,h3-Q046=\":443\"; ma=2592000,h3-Q043=\":443\"; ma=2592000,quic=\":443\"; ma=2592000; v=\"46,43\"","accept-ranges":"none","transfer-encoding":"chunked"}
[info] i  uploading distribution... 
[debug] [2021-06-24T10:52:53.337Z] >>> HTTP REQUEST POST https://firebaseappdistribution.googleapis.com/app-binary-uploads?app_id=1:708520689612:android:fae742f4f3a7efa26aa769  
 {"_readableState":{"objectMode":false,"highWaterMark":65536,"buffer":{"head":null,"tail":null,"length":0},"length":0,"pipes":null,"pipesCount":0,"flowing":null,"ended":false,"endEmitted":false,"reading":false,"sync":true,"needReadable":false,"emittedReadable":false,"readableListening":false,"resumeScheduled":false,"paused":true,"emitClose":false,"autoDestroy":false,"destroyed":false,"defaultEncoding":"utf8","awaitDrain":0,"readingMore":false,"decoder":null,"encoding":null},"readable":true,"_events":{},"_eventsCount":1,"path":"app-debug.apk","fd":null,"flags":"r","mode":438,"end":null,"autoClose":true,"bytesRead":0,"closed":false}
[debug] [2021-06-24T10:53:03.840Z] <<< HTTP RESPONSE 202 {"x-guploader-uploadid":"ABg5-Uz3fwQPofejJDi8mIjSRXMScOCsKPUwT516FqPA-biW0CgqESOMLrFZFilSvDjKRYI5tRV5qjzw8KXmmk2jlJc","content-type":"application/json; charset=utf-8","content-length":"169","date":"Thu, 24 Jun 2021 10:52:03 GMT","server":"UploadServer","alt-svc":"h3=\":443\"; ma=2592000,h3-29=\":443\"; ma=2592000,h3-T051=\":443\"; ma=2592000,h3-Q050=\":443\"; ma=2592000,h3-Q046=\":443\"; ma=2592000,h3-Q043=\":443\"; ma=2592000,quic=\":443\"; ma=2592000; v=\"46,43\""}
[debug] [2021-06-24T10:53:03.853Z] >>> HTTP REQUEST GET https://firebaseappdistribution.googleapis.com/v1alpha/apps/1:708520689612:android:fae742f4f3a7efa26aa769/upload_status/projects%2F708520689612%2Fapps%2F1%3A708520689612%3Aandroid%3Afae742f4f3a7efa26aa769%2Freleases%2F-%2Fbinaries%2F482159ec477ce5c90f4de8c64c93123c706579c3193aa91467dc74321933c21d  
 
[debug] [2021-06-24T10:53:06.372Z] <<< HTTP RESPONSE 200 {"content-type":"application/json; charset=UTF-8","vary":"X-Origin, Referer, Origin,Accept-Encoding","date":"Thu, 24 Jun 2021 10:52:06 GMT","server":"ESF","cache-control":"private","x-xss-protection":"0","x-frame-options":"SAMEORIGIN","x-content-type-options":"nosniff","alt-svc":"h3=\":443\"; ma=2592000,h3-29=\":443\"; ma=2592000,h3-T051=\":443\"; ma=2592000,h3-Q050=\":443\"; ma=2592000,h3-Q046=\":443\"; ma=2592000,h3-Q043=\":443\"; ma=2592000,quic=\":443\"; ma=2592000; v=\"46,43\"","accept-ranges":"none","transfer-encoding":"chunked"}
[info] +  uploaded distribution successfully! 
[info] i  adding release notes... 
[debug] [2021-06-24T10:53:06.391Z] >>> HTTP REQUEST POST https://firebaseappdistribution.googleapis.com/v1alpha/apps/1:708520689612:android:fae742f4f3a7efa26aa769/releases/3oeur5geb1a7g/notes  
 {"releaseNotes":{"releaseNotes":"Icons Hub Version 1.0 debug 1"}}
[debug] [2021-06-24T10:53:09.121Z] <<< HTTP RESPONSE 200 {"content-type":"application/json; charset=UTF-8","vary":"X-Origin, Referer, Origin,Accept-Encoding","date":"Thu, 24 Jun 2021 10:52:08 GMT","server":"ESF","cache-control":"private","x-xss-protection":"0","x-frame-options":"SAMEORIGIN","x-content-type-options":"nosniff","alt-svc":"h3=\":443\"; ma=2592000,h3-29=\":443\"; ma=2592000,h3-T051=\":443\"; ma=2592000,h3-Q050=\":443\"; ma=2592000,h3-Q046=\":443\"; ma=2592000,h3-Q043=\":443\"; ma=2592000,quic=\":443\"; ma=2592000; v=\"46,43\"","accept-ranges":"none","transfer-encoding":"chunked"}
[info] +  added release notes successfully 
[info] i  adding testers/groups... 
[debug] [2021-06-24T10:53:09.152Z] >>> HTTP REQUEST POST https://firebaseappdistribution.googleapis.com/v1alpha/apps/1:708520689612:android:fae742f4f3a7efa26aa769/releases/3oeur5geb1a7g/enable_access  
 {"emails":["testers-list.txt"],"groupIds":[]}
[debug] [2021-06-24T10:53:12.009Z] <<< HTTP RESPONSE 200 {"content-type":"application/json; charset=UTF-8","vary":"X-Origin, Referer, Origin,Accept-Encoding","date":"Thu, 24 Jun 2021 10:52:11 GMT","server":"ESF","cache-control":"private","x-xss-protection":"0","x-frame-options":"SAMEORIGIN","x-content-type-options":"nosniff","alt-svc":"h3=\":443\"; ma=2592000,h3-29=\":443\"; ma=2592000,h3-T051=\":443\"; ma=2592000,h3-Q050=\":443\"; ma=2592000,h3-Q046=\":443\"; ma=2592000,h3-Q043=\":443\"; ma=2592000,quic=\":443\"; ma=2592000; v=\"46,43\"","accept-ranges":"none","transfer-encoding":"chunked"}
[info] +  added testers/groups successfully 
[debug] [2021-06-24T12:48:26.437Z] ----------------------------------------------------------------------
[debug] [2021-06-24T12:48:26.493Z] Command:       C:\Program Files\nodejs\node.exe C:\Users\Scientist\AppData\Roaming\npm\node_modules\firebase-tools\lib\bin\firebase.js appdistribution:distribute app-debug.apk --app 1:708520689612:android:fae742f4f3a7efa26aa769 --release-notes Icons Hub Version 1.0 debug 2 --testers testers-list.txt --debug
[debug] [2021-06-24T12:48:26.494Z] CLI Version:   9.13.1
[debug] [2021-06-24T12:48:26.494Z] Platform:      win32
[debug] [2021-06-24T12:48:26.495Z] Node Version:  v12.13.0
[debug] [2021-06-24T12:48:26.960Z] Time:          Thu Jun 24 2021 15:48:26 GMT+0300 (East Africa Time)
[debug] [2021-06-24T12:48:26.961Z] ----------------------------------------------------------------------
[debug] 
[debug] [2021-06-24T12:48:27.090Z] > command requires scopes: ["email","openid","https://www.googleapis.com/auth/cloudplatformprojects.readonly","https://www.googleapis.com/auth/firebase","https://www.googleapis.com/auth/cloud-platform"]
[debug] [2021-06-24T12:48:27.110Z] > authorizing via signed-in user (b83794444@gmail.com)
[debug] [2021-06-24T12:48:27.211Z] > refreshing access token with scopes: ["email","https://www.googleapis.com/auth/cloud-platform","https://www.googleapis.com/auth/cloudplatformprojects.readonly","https://www.googleapis.com/auth/firebase","openid"]
[debug] [2021-06-24T12:48:27.237Z] >>> HTTP REQUEST POST https://www.googleapis.com/oauth2/v3/token  
 <request body omitted>
[debug] [2021-06-24T12:48:29.897Z] <<< HTTP RESPONSE 200 {"expires":"Mon, 01 Jan 1990 00:00:00 GMT","cache-control":"no-cache, no-store, max-age=0, must-revalidate","pragma":"no-cache","date":"Thu, 24 Jun 2021 12:47:29 GMT","content-type":"application/json; charset=utf-8","vary":"X-Origin, Referer, Origin,Accept-Encoding","server":"scaffolding on HTTPServer2","x-xss-protection":"0","x-frame-options":"SAMEORIGIN","x-content-type-options":"nosniff","alt-svc":"h3=\":443\"; ma=2592000,h3-29=\":443\"; ma=2592000,h3-T051=\":443\"; ma=2592000,h3-Q050=\":443\"; ma=2592000,h3-Q046=\":443\"; ma=2592000,h3-Q043=\":443\"; ma=2592000,quic=\":443\"; ma=2592000; v=\"46,43\"","accept-ranges":"none","transfer-encoding":"chunked"}
[debug] [2021-06-24T12:48:30.082Z] >>> HTTP REQUEST GET https://firebaseappdistribution.googleapis.com/v1alpha/apps/1:708520689612:android:fae742f4f3a7efa26aa769?appView=BASIC  
 
[debug] [2021-06-24T12:48:33.171Z] <<< HTTP RESPONSE 200 {"content-type":"application/json; charset=UTF-8","vary":"X-Origin, Referer, Origin,Accept-Encoding","date":"Thu, 24 Jun 2021 12:47:32 GMT","server":"ESF","cache-control":"private","x-xss-protection":"0","x-frame-options":"SAMEORIGIN","x-content-type-options":"nosniff","alt-svc":"h3=\":443\"; ma=2592000,h3-29=\":443\"; ma=2592000,h3-T051=\":443\"; ma=2592000,h3-Q050=\":443\"; ma=2592000,h3-Q046=\":443\"; ma=2592000,h3-Q043=\":443\"; ma=2592000,quic=\":443\"; ma=2592000; v=\"46,43\"","accept-ranges":"none","transfer-encoding":"chunked"}
[debug] [2021-06-24T12:48:33.749Z] >>> HTTP REQUEST GET https://firebaseappdistribution.googleapis.com/v1alpha/apps/1:708520689612:android:fae742f4f3a7efa26aa769/upload_status/projects%2F708520689612%2Fapps%2F1%3A708520689612%3Aandroid%3Afae742f4f3a7efa26aa769%2Freleases%2F-%2Fbinaries%2F115b398846dd0a3bc2e5ccf14481828026901eb5fe71a1a53df81ae3be27b049  
 
[debug] [2021-06-24T12:48:36.260Z] <<< HTTP RESPONSE 200 {"content-type":"application/json; charset=UTF-8","vary":"X-Origin, Referer, Origin,Accept-Encoding","date":"Thu, 24 Jun 2021 12:47:35 GMT","server":"ESF","cache-control":"private","x-xss-protection":"0","x-frame-options":"SAMEORIGIN","x-content-type-options":"nosniff","alt-svc":"h3=\":443\"; ma=2592000,h3-29=\":443\"; ma=2592000,h3-T051=\":443\"; ma=2592000,h3-Q050=\":443\"; ma=2592000,h3-Q046=\":443\"; ma=2592000,h3-Q043=\":443\"; ma=2592000,quic=\":443\"; ma=2592000; v=\"46,43\"","accept-ranges":"none","transfer-encoding":"chunked"}
[info] i  uploading distribution... 
[debug] [2021-06-24T12:48:36.291Z] >>> HTTP REQUEST POST https://firebaseappdistribution.googleapis.com/app-binary-uploads?app_id=1:708520689612:android:fae742f4f3a7efa26aa769  
 {"_readableState":{"objectMode":false,"highWaterMark":65536,"buffer":{"head":null,"tail":null,"length":0},"length":0,"pipes":null,"pipesCount":0,"flowing":null,"ended":false,"endEmitted":false,"reading":false,"sync":true,"needReadable":false,"emittedReadable":false,"readableListening":false,"resumeScheduled":false,"paused":true,"emitClose":false,"autoDestroy":false,"destroyed":false,"defaultEncoding":"utf8","awaitDrain":0,"readingMore":false,"decoder":null,"encoding":null},"readable":true,"_events":{},"_eventsCount":1,"path":"app-debug.apk","fd":null,"flags":"r","mode":438,"end":null,"autoClose":true,"bytesRead":0,"closed":false}
[debug] [2021-06-24T12:48:44.330Z] <<< HTTP RESPONSE 202 {"x-guploader-uploadid":"ABg5-UzTJgqdjxnJTTZ0VNf7w61JK1EeHpyiFwG4aLr8u3uXeht6-BAJLsK5LI3SyKWrKczUp0o_W7ytBf9uGQmZX4ccTgURiw","content-type":"application/json; charset=utf-8","content-length":"169","date":"Thu, 24 Jun 2021 12:47:44 GMT","server":"UploadServer","alt-svc":"h3=\":443\"; ma=2592000,h3-29=\":443\"; ma=2592000,h3-T051=\":443\"; ma=2592000,h3-Q050=\":443\"; ma=2592000,h3-Q046=\":443\"; ma=2592000,h3-Q043=\":443\"; ma=2592000,quic=\":443\"; ma=2592000; v=\"46,43\""}
[debug] [2021-06-24T12:48:44.342Z] >>> HTTP REQUEST GET https://firebaseappdistribution.googleapis.com/v1alpha/apps/1:708520689612:android:fae742f4f3a7efa26aa769/upload_status/projects%2F708520689612%2Fapps%2F1%3A708520689612%3Aandroid%3Afae742f4f3a7efa26aa769%2Freleases%2F-%2Fbinaries%2F115b398846dd0a3bc2e5ccf14481828026901eb5fe71a1a53df81ae3be27b049  
 
[debug] [2021-06-24T12:48:46.647Z] <<< HTTP RESPONSE 200 {"content-type":"application/json; charset=UTF-8","vary":"X-Origin, Referer, Origin,Accept-Encoding","date":"Thu, 24 Jun 2021 12:47:46 GMT","server":"ESF","cache-control":"private","x-xss-protection":"0","x-frame-options":"SAMEORIGIN","x-content-type-options":"nosniff","alt-svc":"h3=\":443\"; ma=2592000,h3-29=\":443\"; ma=2592000,h3-T051=\":443\"; ma=2592000,h3-Q050=\":443\"; ma=2592000,h3-Q046=\":443\"; ma=2592000,h3-Q043=\":443\"; ma=2592000,quic=\":443\"; ma=2592000; v=\"46,43\"","accept-ranges":"none","transfer-encoding":"chunked"}
[info] +  uploaded distribution successfully! 
[info] i  adding release notes... 
[debug] [2021-06-24T12:48:46.661Z] >>> HTTP REQUEST POST https://firebaseappdistribution.googleapis.com/v1alpha/apps/1:708520689612:android:fae742f4f3a7efa26aa769/releases/1msk97tdrr108/notes  
 {"releaseNotes":{"releaseNotes":"Icons Hub Version 1.0 debug 2"}}
[debug] [2021-06-24T12:48:48.816Z] <<< HTTP RESPONSE 200 {"content-type":"application/json; charset=UTF-8","vary":"X-Origin, Referer, Origin,Accept-Encoding","date":"Thu, 24 Jun 2021 12:47:48 GMT","server":"ESF","cache-control":"private","x-xss-protection":"0","x-frame-options":"SAMEORIGIN","x-content-type-options":"nosniff","alt-svc":"h3=\":443\"; ma=2592000,h3-29=\":443\"; ma=2592000,h3-T051=\":443\"; ma=2592000,h3-Q050=\":443\"; ma=2592000,h3-Q046=\":443\"; ma=2592000,h3-Q043=\":443\"; ma=2592000,quic=\":443\"; ma=2592000; v=\"46,43\"","accept-ranges":"none","transfer-encoding":"chunked"}
[info] +  added release notes successfully 
[info] i  adding testers/groups... 
[debug] [2021-06-24T12:48:48.832Z] >>> HTTP REQUEST POST https://firebaseappdistribution.googleapis.com/v1alpha/apps/1:708520689612:android:fae742f4f3a7efa26aa769/releases/1msk97tdrr108/enable_access  
 {"emails":["testers-list.txt"],"groupIds":[]}
[debug] [2021-06-24T12:48:50.565Z] <<< HTTP RESPONSE 200 {"content-type":"application/json; charset=UTF-8","vary":"X-Origin, Referer, Origin,Accept-Encoding","date":"Thu, 24 Jun 2021 12:47:50 GMT","server":"ESF","cache-control":"private","x-xss-protection":"0","x-frame-options":"SAMEORIGIN","x-content-type-options":"nosniff","alt-svc":"h3=\":443\"; ma=2592000,h3-29=\":443\"; ma=2592000,h3-T051=\":443\"; ma=2592000,h3-Q050=\":443\"; ma=2592000,h3-Q046=\":443\"; ma=2592000,h3-Q043=\":443\"; ma=2592000,quic=\":443\"; ma=2592000; v=\"46,43\"","accept-ranges":"none","transfer-encoding":"chunked"}
[info] +  added testers/groups successfully 
[debug] [2021-06-24T13:29:47.436Z] ----------------------------------------------------------------------
[debug] [2021-06-24T13:29:47.475Z] Command:       C:\Program Files\nodejs\node.exe C:\Users\Scientist\AppData\Roaming\npm\node_modules\firebase-tools\lib\bin\firebase.js appdistribution:distribute app-debug.apk --app 1:708520689612:android:fae742f4f3a7efa26aa769 --release-notes Icons Hub Version 1.0 debug 2 --testers testers-list.txt --debug
[debug] [2021-06-24T13:29:47.477Z] CLI Version:   9.13.1
[debug] [2021-06-24T13:29:47.477Z] Platform:      win32
[debug] [2021-06-24T13:29:47.477Z] Node Version:  v12.13.0
[debug] [2021-06-24T13:29:47.831Z] Time:          Thu Jun 24 2021 16:29:47 GMT+0300 (East Africa Time)
[debug] [2021-06-24T13:29:47.832Z] ----------------------------------------------------------------------
[debug] 
[debug] [2021-06-24T13:29:47.964Z] > command requires scopes: ["email","openid","https://www.googleapis.com/auth/cloudplatformprojects.readonly","https://www.googleapis.com/auth/firebase","https://www.googleapis.com/auth/cloud-platform"]
[debug] [2021-06-24T13:29:48.031Z] > authorizing via signed-in user (b83794444@gmail.com)
[debug] [2021-06-24T13:29:48.309Z] >>> HTTP REQUEST GET https://firebaseappdistribution.googleapis.com/v1alpha/apps/1:708520689612:android:fae742f4f3a7efa26aa769?appView=BASIC  
 
[debug] [2021-06-24T13:29:58.389Z] <<< HTTP RESPONSE 200 {"content-type":"application/json; charset=UTF-8","vary":"X-Origin, Referer, Origin,Accept-Encoding","date":"Thu, 24 Jun 2021 13:28:57 GMT","server":"ESF","cache-control":"private","x-xss-protection":"0","x-frame-options":"SAMEORIGIN","x-content-type-options":"nosniff","alt-svc":"h3=\":443\"; ma=2592000,h3-29=\":443\"; ma=2592000,h3-T051=\":443\"; ma=2592000,h3-Q050=\":443\"; ma=2592000,h3-Q046=\":443\"; ma=2592000,h3-Q043=\":443\"; ma=2592000,quic=\":443\"; ma=2592000; v=\"46,43\"","accept-ranges":"none","transfer-encoding":"chunked"}
[debug] [2021-06-24T13:30:00.346Z] >>> HTTP REQUEST GET https://firebaseappdistribution.googleapis.com/v1alpha/apps/1:708520689612:android:fae742f4f3a7efa26aa769/upload_status/projects%2F708520689612%2Fapps%2F1%3A708520689612%3Aandroid%3Afae742f4f3a7efa26aa769%2Freleases%2F-%2Fbinaries%2F68c839a9024ec0a0eae84efc6037e342b017752afe358296c6f682bc739c702c  
 
[debug] [2021-06-24T13:30:03.044Z] <<< HTTP RESPONSE 200 {"content-type":"application/json; charset=UTF-8","vary":"X-Origin, Referer, Origin,Accept-Encoding","date":"Thu, 24 Jun 2021 13:29:02 GMT","server":"ESF","cache-control":"private","x-xss-protection":"0","x-frame-options":"SAMEORIGIN","x-content-type-options":"nosniff","alt-svc":"h3=\":443\"; ma=2592000,h3-29=\":443\"; ma=2592000,h3-T051=\":443\"; ma=2592000,h3-Q050=\":443\"; ma=2592000,h3-Q046=\":443\"; ma=2592000,h3-Q043=\":443\"; ma=2592000,quic=\":443\"; ma=2592000; v=\"46,43\"","accept-ranges":"none","transfer-encoding":"chunked"}
[info] i  uploading distribution... 
[debug] [2021-06-24T13:30:03.131Z] >>> HTTP REQUEST POST https://firebaseappdistribution.googleapis.com/app-binary-uploads?app_id=1:708520689612:android:fae742f4f3a7efa26aa769  
 {"_readableState":{"objectMode":false,"highWaterMark":65536,"buffer":{"head":null,"tail":null,"length":0},"length":0,"pipes":null,"pipesCount":0,"flowing":null,"ended":false,"endEmitted":false,"reading":false,"sync":true,"needReadable":false,"emittedReadable":false,"readableListening":false,"resumeScheduled":false,"paused":true,"emitClose":false,"autoDestroy":false,"destroyed":false,"defaultEncoding":"utf8","awaitDrain":0,"readingMore":false,"decoder":null,"encoding":null},"readable":true,"_events":{},"_eventsCount":1,"path":"app-debug.apk","fd":null,"flags":"r","mode":438,"end":null,"autoClose":true,"bytesRead":0,"closed":false}
[debug] [2021-06-24T13:30:18.915Z] <<< HTTP RESPONSE 202 {"x-guploader-uploadid":"ABg5-UxtifPzJ4943v_egOrDVL6CoBIs_I73eVv-eK6RYIIkCkbyHtjmZlk0c-pQqnY0BAH9a1ifY1BDyqBKxEjCAnzFXy3_-Q","content-type":"application/json; charset=utf-8","content-length":"169","date":"Thu, 24 Jun 2021 13:29:18 GMT","server":"UploadServer","alt-svc":"h3=\":443\"; ma=2592000,h3-29=\":443\"; ma=2592000,h3-T051=\":443\"; ma=2592000,h3-Q050=\":443\"; ma=2592000,h3-Q046=\":443\"; ma=2592000,h3-Q043=\":443\"; ma=2592000,quic=\":443\"; ma=2592000; v=\"46,43\""}
[debug] [2021-06-24T13:30:18.931Z] >>> HTTP REQUEST GET https://firebaseappdistribution.googleapis.com/v1alpha/apps/1:708520689612:android:fae742f4f3a7efa26aa769/upload_status/projects%2F708520689612%2Fapps%2F1%3A708520689612%3Aandroid%3Afae742f4f3a7efa26aa769%2Freleases%2F-%2Fbinaries%2F68c839a9024ec0a0eae84efc6037e342b017752afe358296c6f682bc739c702c  
 
[debug] [2021-06-24T13:30:21.518Z] <<< HTTP RESPONSE 200 {"content-type":"application/json; charset=UTF-8","vary":"X-Origin, Referer, Origin,Accept-Encoding","date":"Thu, 24 Jun 2021 13:29:21 GMT","server":"ESF","cache-control":"private","x-xss-protection":"0","x-frame-options":"SAMEORIGIN","x-content-type-options":"nosniff","alt-svc":"h3=\":443\"; ma=2592000,h3-29=\":443\"; ma=2592000,h3-T051=\":443\"; ma=2592000,h3-Q050=\":443\"; ma=2592000,h3-Q046=\":443\"; ma=2592000,h3-Q043=\":443\"; ma=2592000,quic=\":443\"; ma=2592000; v=\"46,43\"","accept-ranges":"none","transfer-encoding":"chunked"}
[info] +  uploaded distribution successfully! 
[info] i  adding release notes... 
[debug] [2021-06-24T13:30:21.558Z] >>> HTTP REQUEST POST https://firebaseappdistribution.googleapis.com/v1alpha/apps/1:708520689612:android:fae742f4f3a7efa26aa769/releases/37s0fna892dd8/notes  
 {"releaseNotes":{"releaseNotes":"Icons Hub Version 1.0 debug 2"}}
[debug] [2021-06-24T13:30:24.027Z] <<< HTTP RESPONSE 200 {"content-type":"application/json; charset=UTF-8","vary":"X-Origin, Referer, Origin,Accept-Encoding","date":"Thu, 24 Jun 2021 13:29:23 GMT","server":"ESF","cache-control":"private","x-xss-protection":"0","x-frame-options":"SAMEORIGIN","x-content-type-options":"nosniff","alt-svc":"h3=\":443\"; ma=2592000,h3-29=\":443\"; ma=2592000,h3-T051=\":443\"; ma=2592000,h3-Q050=\":443\"; ma=2592000,h3-Q046=\":443\"; ma=2592000,h3-Q043=\":443\"; ma=2592000,quic=\":443\"; ma=2592000; v=\"46,43\"","accept-ranges":"none","transfer-encoding":"chunked"}
[info] +  added release notes successfully 
[info] i  adding testers/groups... 
[debug] [2021-06-24T13:30:24.062Z] >>> HTTP REQUEST POST https://firebaseappdistribution.googleapis.com/v1alpha/apps/1:708520689612:android:fae742f4f3a7efa26aa769/releases/37s0fna892dd8/enable_access  
 {"emails":["testers-list.txt"],"groupIds":[]}
[debug] [2021-06-24T13:30:27.443Z] <<< HTTP RESPONSE 200 {"content-type":"application/json; charset=UTF-8","vary":"X-Origin, Referer, Origin,Accept-Encoding","date":"Thu, 24 Jun 2021 13:29:26 GMT","server":"ESF","cache-control":"private","x-xss-protection":"0","x-frame-options":"SAMEORIGIN","x-content-type-options":"nosniff","alt-svc":"h3=\":443\"; ma=2592000,h3-29=\":443\"; ma=2592000,h3-T051=\":443\"; ma=2592000,h3-Q050=\":443\"; ma=2592000,h3-Q046=\":443\"; ma=2592000,h3-Q043=\":443\"; ma=2592000,quic=\":443\"; ma=2592000; v=\"46,43\"","accept-ranges":"none","transfer-encoding":"chunked"}
[info] +  added testers/groups successfully 
[debug] [2021-06-24T13:52:14.065Z] ----------------------------------------------------------------------
[debug] [2021-06-24T13:52:14.095Z] Command:       C:\Program Files\nodejs\node.exe C:\Users\Scientist\AppData\Roaming\npm\node_modules\firebase-tools\lib\bin\firebase.js appdistribution:distribute app-debug.apk --app 1:708520689612:android:fae742f4f3a7efa26aa769 --release-notes Icons Hub Version 1.0 debug 2 --testers testers-list.txt --debug
[debug] [2021-06-24T13:52:14.097Z] CLI Version:   9.13.1
[debug] [2021-06-24T13:52:14.097Z] Platform:      win32
[debug] [2021-06-24T13:52:14.098Z] Node Version:  v12.13.0
[debug] [2021-06-24T13:52:14.236Z] Time:          Thu Jun 24 2021 16:52:14 GMT+0300 (East Africa Time)
[debug] [2021-06-24T13:52:14.236Z] ----------------------------------------------------------------------
[debug] 
[debug] [2021-06-24T13:52:14.364Z] > command requires scopes: ["email","openid","https://www.googleapis.com/auth/cloudplatformprojects.readonly","https://www.googleapis.com/auth/firebase","https://www.googleapis.com/auth/cloud-platform"]
[debug] [2021-06-24T13:52:14.381Z] > authorizing via signed-in user (b83794444@gmail.com)
[debug] [2021-06-24T13:52:14.512Z] > refreshing access token with scopes: ["email","https://www.googleapis.com/auth/cloud-platform","https://www.googleapis.com/auth/cloudplatformprojects.readonly","https://www.googleapis.com/auth/firebase","openid"]
[debug] [2021-06-24T13:52:14.520Z] >>> HTTP REQUEST POST https://www.googleapis.com/oauth2/v3/token  
 <request body omitted>
[debug] [2021-06-24T13:52:17.357Z] <<< HTTP RESPONSE 200 {"date":"Thu, 24 Jun 2021 13:51:17 GMT","expires":"Mon, 01 Jan 1990 00:00:00 GMT","pragma":"no-cache","cache-control":"no-cache, no-store, max-age=0, must-revalidate","content-type":"application/json; charset=utf-8","vary":"X-Origin, Referer, Origin,Accept-Encoding","server":"scaffolding on HTTPServer2","x-xss-protection":"0","x-frame-options":"SAMEORIGIN","x-content-type-options":"nosniff","alt-svc":"h3=\":443\"; ma=2592000,h3-29=\":443\"; ma=2592000,h3-T051=\":443\"; ma=2592000,h3-Q050=\":443\"; ma=2592000,h3-Q046=\":443\"; ma=2592000,h3-Q043=\":443\"; ma=2592000,quic=\":443\"; ma=2592000; v=\"46,43\"","accept-ranges":"none","transfer-encoding":"chunked"}
[debug] [2021-06-24T13:52:17.487Z] >>> HTTP REQUEST GET https://firebaseappdistribution.googleapis.com/v1alpha/apps/1:708520689612:android:fae742f4f3a7efa26aa769?appView=BASIC  
 
[debug] [2021-06-24T13:52:20.736Z] <<< HTTP RESPONSE 200 {"content-type":"application/json; charset=UTF-8","vary":"X-Origin, Referer, Origin,Accept-Encoding","date":"Thu, 24 Jun 2021 13:51:20 GMT","server":"ESF","cache-control":"private","x-xss-protection":"0","x-frame-options":"SAMEORIGIN","x-content-type-options":"nosniff","alt-svc":"h3=\":443\"; ma=2592000,h3-29=\":443\"; ma=2592000,h3-T051=\":443\"; ma=2592000,h3-Q050=\":443\"; ma=2592000,h3-Q046=\":443\"; ma=2592000,h3-Q043=\":443\"; ma=2592000,quic=\":443\"; ma=2592000; v=\"46,43\"","accept-ranges":"none","transfer-encoding":"chunked"}
[debug] [2021-06-24T13:52:20.902Z] >>> HTTP REQUEST GET https://firebaseappdistribution.googleapis.com/v1alpha/apps/1:708520689612:android:fae742f4f3a7efa26aa769/upload_status/projects%2F708520689612%2Fapps%2F1%3A708520689612%3Aandroid%3Afae742f4f3a7efa26aa769%2Freleases%2F-%2Fbinaries%2Feeb92d48dbd3e39ea0bd7cbd3aec1801c7318d1ca53c07fac941788b4ebc6555  
 
[debug] [2021-06-24T13:52:25.155Z] <<< HTTP RESPONSE 200 {"content-type":"application/json; charset=UTF-8","vary":"X-Origin, Referer, Origin,Accept-Encoding","date":"Thu, 24 Jun 2021 13:51:23 GMT","server":"ESF","cache-control":"private","x-xss-protection":"0","x-frame-options":"SAMEORIGIN","x-content-type-options":"nosniff","alt-svc":"h3=\":443\"; ma=2592000,h3-29=\":443\"; ma=2592000,h3-T051=\":443\"; ma=2592000,h3-Q050=\":443\"; ma=2592000,h3-Q046=\":443\"; ma=2592000,h3-Q043=\":443\"; ma=2592000,quic=\":443\"; ma=2592000; v=\"46,43\"","accept-ranges":"none","transfer-encoding":"chunked"}
[info] i  uploading distribution... 
[debug] [2021-06-24T13:52:25.170Z] >>> HTTP REQUEST POST https://firebaseappdistribution.googleapis.com/app-binary-uploads?app_id=1:708520689612:android:fae742f4f3a7efa26aa769  
 {"_readableState":{"objectMode":false,"highWaterMark":65536,"buffer":{"head":null,"tail":null,"length":0},"length":0,"pipes":null,"pipesCount":0,"flowing":null,"ended":false,"endEmitted":false,"reading":false,"sync":true,"needReadable":false,"emittedReadable":false,"readableListening":false,"resumeScheduled":false,"paused":true,"emitClose":false,"autoDestroy":false,"destroyed":false,"defaultEncoding":"utf8","awaitDrain":0,"readingMore":false,"decoder":null,"encoding":null},"readable":true,"_events":{},"_eventsCount":1,"path":"app-debug.apk","fd":null,"flags":"r","mode":438,"end":null,"autoClose":true,"bytesRead":0,"closed":false}
[debug] [2021-06-24T13:52:37.481Z] <<< HTTP RESPONSE 202 {"x-guploader-uploadid":"ABg5-UwnDM4yLy78cQmb1t7-SGmkknc-2XtWChm5f_u1i2mNSTEXowF7QdiYCkj1WrAOCFTifTqTN40rPvaPVQKkdBs","content-type":"application/json; charset=utf-8","content-length":"169","date":"Thu, 24 Jun 2021 13:51:37 GMT","server":"UploadServer","alt-svc":"h3=\":443\"; ma=2592000,h3-29=\":443\"; ma=2592000,h3-T051=\":443\"; ma=2592000,h3-Q050=\":443\"; ma=2592000,h3-Q046=\":443\"; ma=2592000,h3-Q043=\":443\"; ma=2592000,quic=\":443\"; ma=2592000; v=\"46,43\""}
[debug] [2021-06-24T13:52:37.498Z] >>> HTTP REQUEST GET https://firebaseappdistribution.googleapis.com/v1alpha/apps/1:708520689612:android:fae742f4f3a7efa26aa769/upload_status/projects%2F708520689612%2Fapps%2F1%3A708520689612%3Aandroid%3Afae742f4f3a7efa26aa769%2Freleases%2F-%2Fbinaries%2Feeb92d48dbd3e39ea0bd7cbd3aec1801c7318d1ca53c07fac941788b4ebc6555  
 
[debug] [2021-06-24T13:52:40.310Z] <<< HTTP RESPONSE 200 {"content-type":"application/json; charset=UTF-8","vary":"X-Origin, Referer, Origin,Accept-Encoding","date":"Thu, 24 Jun 2021 13:51:40 GMT","server":"ESF","cache-control":"private","x-xss-protection":"0","x-frame-options":"SAMEORIGIN","x-content-type-options":"nosniff","alt-svc":"h3=\":443\"; ma=2592000,h3-29=\":443\"; ma=2592000,h3-T051=\":443\"; ma=2592000,h3-Q050=\":443\"; ma=2592000,h3-Q046=\":443\"; ma=2592000,h3-Q043=\":443\"; ma=2592000,quic=\":443\"; ma=2592000; v=\"46,43\"","accept-ranges":"none","transfer-encoding":"chunked"}
[info] +  uploaded distribution successfully! 
[info] i  adding release notes... 
[debug] [2021-06-24T13:52:40.340Z] >>> HTTP REQUEST POST https://firebaseappdistribution.googleapis.com/v1alpha/apps/1:708520689612:android:fae742f4f3a7efa26aa769/releases/4hlr3nn84m3vg/notes  
 {"releaseNotes":{"releaseNotes":"Icons Hub Version 1.0 debug 2"}}
[debug] [2021-06-24T13:52:42.970Z] <<< HTTP RESPONSE 200 {"content-type":"application/json; charset=UTF-8","vary":"X-Origin, Referer, Origin,Accept-Encoding","date":"Thu, 24 Jun 2021 13:51:42 GMT","server":"ESF","cache-control":"private","x-xss-protection":"0","x-frame-options":"SAMEORIGIN","x-content-type-options":"nosniff","alt-svc":"h3=\":443\"; ma=2592000,h3-29=\":443\"; ma=2592000,h3-T051=\":443\"; ma=2592000,h3-Q050=\":443\"; ma=2592000,h3-Q046=\":443\"; ma=2592000,h3-Q043=\":443\"; ma=2592000,quic=\":443\"; ma=2592000; v=\"46,43\"","accept-ranges":"none","transfer-encoding":"chunked"}
[info] +  added release notes successfully 
[info] i  adding testers/groups... 
[debug] [2021-06-24T13:52:43.004Z] >>> HTTP REQUEST POST https://firebaseappdistribution.googleapis.com/v1alpha/apps/1:708520689612:android:fae742f4f3a7efa26aa769/releases/4hlr3nn84m3vg/enable_access  
 {"emails":["testers-list.txt"],"groupIds":[]}
[debug] [2021-06-24T13:52:45.876Z] <<< HTTP RESPONSE 200 {"content-type":"application/json; charset=UTF-8","vary":"X-Origin, Referer, Origin,Accept-Encoding","date":"Thu, 24 Jun 2021 13:51:45 GMT","server":"ESF","cache-control":"private","x-xss-protection":"0","x-frame-options":"SAMEORIGIN","x-content-type-options":"nosniff","alt-svc":"h3=\":443\"; ma=2592000,h3-29=\":443\"; ma=2592000,h3-T051=\":443\"; ma=2592000,h3-Q050=\":443\"; ma=2592000,h3-Q046=\":443\"; ma=2592000,h3-Q043=\":443\"; ma=2592000,quic=\":443\"; ma=2592000; v=\"46,43\"","accept-ranges":"none","transfer-encoding":"chunked"}
[info] +  added testers/groups successfully 
